<?xml version='1.0' encoding='UTF-8'?>
<testsuite hostname="SM" name="test.SendSpec" tests="10" errors="0" failures="0" skipped="0" time="0.747" timestamp="2021-02-25T13:24:38">
                     <properties>
[...]
</properties>
                     <testcase classname="test.SendSpec" name="The order service should return the tracking order for an BUY order that was posted" time="0.513">
                                                 
                                               </testcase><testcase classname="test.SendSpec" name="The order service should return the tracking order for an SELL order that was posted" time="0.036">
                                                 
                                               </testcase><testcase classname="test.SendSpec" name="The order service should return FAIL about BUY order that was posted for an SELL order" time="0.023">
                                                 
                                               </testcase><testcase classname="test.SendSpec" name="The order service should return FAIL about SELL order that was posted for an BUY order" time="0.025">
                                                 
                                               </testcase><testcase classname="test.SendSpec" name="The order service should return SUCCESS about BUY order that was posted" time="0.023">
                                                 
                                               </testcase><testcase classname="test.SendSpec" name="The order service should return SUCCESS about SELL order that was posted" time="0.028">
                                                 
                                               </testcase><testcase classname="test.SendSpec" name="The order service should return later SUCCESS about BUY order that was posted" time="0.031">
                                                 
                                               </testcase><testcase classname="test.SendSpec" name="The order service should return later SUCCESS about SELL order that was posted" time="0.025">
                                                 
                                               </testcase><testcase classname="test.SendSpec" name="The order service should return the cancel order for an BUY order that was posted" time="0.024">
                                                 
                                               </testcase><testcase classname="test.SendSpec" name="The order service should return the cancel order for an SELL order that was posted" time="0.019">
                                                 
                                               </testcase>
                     <system-out><![CDATA[]]></system-out>
                     <system-err><![CDATA[]]></system-err>
                   </testsuite>